stdio    D         file_stdio.c:110  file_stdio_fopen                 [   0.00000] opening C:\Users\HENRIQUE\Desktop\Pi2\JogoPi2\Debug\allegro5.cfg r
system   D            wsystem.c:799  maybe_parent_dir                 [   0.00000] Also searching C:\Users\HENRIQUE\Desktop\Pi2\JogoPi2\
system   D            wsystem.c:854  _al_win_safe_load_library        [   0.00000] PathFindOnPath found: C:\WINDOWS\system32\shcore.dll
system   D            wsystem.c:760  load_library_at_path             [   0.00000] Calling LoadLibrary C:\WINDOWS\system32\shcore.dll
system   I            wsystem.c:763  load_library_at_path             [   0.00000] Loaded C:\WINDOWS\system32\shcore.dll
system   I             system.c:267  al_install_system                [   0.00000] Allegro version: 5.2.6
dtor     D               dtor.c:196  _al_register_destructor          [   0.08827] added dtor for queue 00DAB150, func 7B65154B
audio-dsound I           dsound.cpp:271  _dsound_open                     [   0.11214] Starting DirectSound...
audio-dsound D           dsound.cpp:280  _dsound_open                     [  29.20089] DirectSoundCreate8 succeeded
audio-dsound I           dsound.cpp:73   get_window                       [  29.21412] Using desktop window: 00010010
audio    I              audio.c:347  do_install_audio                 [  29.21452] Using DirectSound driver
audio-dsound D           dsound.cpp:311  _dsound_allocate_voice           [  29.24782] Allocating voice
audio-dsound D           dsound.cpp:370  _dsound_allocate_voice           [  29.24808] Allocated voice
dtor     D               dtor.c:196  _al_register_destructor          [  29.24833] added dtor for voice 00DD01B0, func 781313DE
dtor     D               dtor.c:196  _al_register_destructor          [  29.24928] added dtor for mixer 00DCE720, func 781313F2
audio-dsound D           dsound.cpp:466  _dsound_start_voice              [  29.24943] Starting voice
audio-dsound D           dsound.cpp:494  _dsound_start_voice              [  29.24958] CreateSoundBuffer
audio-dsound D           dsound.cpp:502  _dsound_start_voice              [  29.25266] CreateSoundBuffer succeeded
audio-dsound D           dsound.cpp:508  _dsound_start_voice              [  29.25290] Starting _dsound_update thread
audio-dsound I           dsound.cpp:518  _dsound_start_voice              [  29.26980] Voice started
dtor     D               dtor.c:196  _al_register_destructor          [  29.27012] added dtor for sample_instance 00DEF518, func 7813122B
audio    D          kcm_mixer.c:121  _al_rechannel_matrix             [  29.28403] sample matrix:
audio    D          kcm_mixer.c:127  _al_rechannel_matrix             [  29.28428] 
audio    D          kcm_mixer.c:127  _al_rechannel_matrix             [  29.28455] 
dtor     D               dtor.c:196  _al_register_destructor          [  29.28469] added dtor for sample_instance 00E00508, func 7813122B
audio    D          kcm_mixer.c:121  _al_rechannel_matrix             [  29.28491] sample matrix:
audio    D          kcm_mixer.c:127  _al_rechannel_matrix             [  29.28504] 
audio    D          kcm_mixer.c:127  _al_rechannel_matrix             [  29.28521] 
dtor     D               dtor.c:196  _al_register_destructor          [  29.28539] added dtor for sample_instance 00E00618, func 7813122B
audio    D          kcm_mixer.c:121  _al_rechannel_matrix             [  29.28551] sample matrix:
audio    D          kcm_mixer.c:127  _al_rechannel_matrix             [  29.28566] 
audio    D          kcm_mixer.c:127  _al_rechannel_matrix             [  29.28579] 
dtor     D               dtor.c:196  _al_register_destructor          [  29.28594] added dtor for sample_instance 00E018F0, func 7813122B
audio    D          kcm_mixer.c:121  _al_rechannel_matrix             [  29.28610] sample matrix:
audio    D          kcm_mixer.c:127  _al_rechannel_matrix             [  29.28626] 
audio    D          kcm_mixer.c:127  _al_rechannel_matrix             [  29.28637] 
dtor     D               dtor.c:196  _al_register_destructor          [  29.28647] added dtor for sample_instance 00E01A00, func 7813122B
audio    D          kcm_mixer.c:121  _al_rechannel_matrix             [  29.28673] sample matrix:
audio    D          kcm_mixer.c:127  _al_rechannel_matrix             [  29.28688] 
audio    D          kcm_mixer.c:127  _al_rechannel_matrix             [  29.28701] 
dtor     D               dtor.c:196  _al_register_destructor          [  29.28715] added dtor for timer 00DE0898, func 7B651695
system   D            wsystem.c:799  maybe_parent_dir                 [  29.31500] Also searching C:\Users\HENRIQUE\Desktop\Pi2\JogoPi2\
system   D            wsystem.c:854  _al_win_safe_load_library        [  29.31584] PathFindOnPath found: C:\WINDOWS\system32\d3d9.dll
system   D            wsystem.c:760  load_library_at_path             [  29.31600] Calling LoadLibrary C:\WINDOWS\system32\d3d9.dll
system   I            wsystem.c:763  load_library_at_path             [  97.33009] Loaded C:\WINDOWS\system32\d3d9.dll
d3d      I         d3d_disp.cpp:684  d3d_init_display                 [ 352.74914] Render-to-texture: 1
d3d      I         d3d_disp.cpp:1778 d3d_create_display_locked        [ 352.76938] faux_fullscreen=0
d3d      D         d3d_disp.cpp:1779 d3d_create_display_locked        [ 352.76973] al_display=00E56770
d3d      D         d3d_disp.cpp:1780 d3d_create_display_locked        [ 352.76999] al_display->vt=00E20560
d3d      I d3d_display_formats.cpp:144  _al_d3d_generate_display_format_list [ 352.78560] found 288 format combinations
display  D   display_settings.c:212  debug_display_settings           [ 352.79558] color: 32 (rgba 8880), depth: 0, stencil: 0, acc: 0000, samples: 0/0
display  D   display_settings.c:527  _al_score_display_settings       [ 352.80173] Score is : 897
display  D   display_settings.c:212  debug_display_settings           [ 352.80205] color: 32 (rgba 8880), depth: 0, stencil: 0, acc: 0000, samples: 0/0
display  D   display_settings.c:527  _al_score_display_settings       [ 352.80222] Score is : 897
display  D   display_settings.c:212  debug_display_settings           [ 352.80253] color: 32 (rgba 8880), depth: 0, stencil: 0, acc: 0000, samples: 2/1
display  D   display_settings.c:527  _al_score_display_settings       [ 352.80280] Score is : 726
display  D   display_settings.c:212  debug_display_settings           [ 352.80296] color: 32 (rgba 8880), depth: 0, stencil: 0, acc: 0000, samples: 3/1
display  D   display_settings.c:527  _al_score_display_settings       [ 352.80312] Score is : 721
display  D   display_settings.c:212  debug_display_settings           [ 352.80323] color: 32 (rgba 8880), depth: 0, stencil: 0, acc: 0000, samples: 4/1
display  D   display_settings.c:527  _al_score_display_settings       [ 352.80341] Score is : 717
display  D   display_settings.c:212  debug_display_settings           [ 352.80359] color: 32 (rgba 8880), depth: 0, stencil: 0, acc: 0000, samples: 5/1
display  D   display_settings.c:527  _al_score_display_settings       [ 352.80375] Score is : 715
display  D   display_settings.c:212  debug_display_settings           [ 352.80391] color: 32 (rgba 8880), depth: 0, stencil: 0, acc: 0000, samples: 6/1
display  D   display_settings.c:527  _al_score_display_settings       [ 352.80411] Score is : 714
display  D   display_settings.c:212  debug_display_settings           [ 352.80424] color: 32 (rgba 8880), depth: 0, stencil: 0, acc: 0000, samples: 7/1
display  D   display_settings.c:527  _al_score_display_settings       [ 352.80438] Score is : 713
display  D   display_settings.c:212  debug_display_settings           [ 352.80452] color: 32 (rgba 8880), depth: 0, stencil: 0, acc: 0000, samples: 8/1
display  D   display_settings.c:527  _al_score_display_settings       [ 352.80471] Score is : 712
display  D   display_settings.c:212  debug_display_settings           [ 352.80485] color: 32 (rgba 8880), depth: 24, stencil: 8, acc: 0000, samples: 0/0
display  D   display_settings.c:527  _al_score_display_settings       [ 352.80501] Score is : 897
display  D   display_settings.c:212  debug_display_settings           [ 352.80516] color: 32 (rgba 8880), depth: 24, stencil: 8, acc: 0000, samples: 0/0
display  D   display_settings.c:527  _al_score_display_settings       [ 352.80530] Score is : 897
display  D   display_settings.c:212  debug_display_settings           [ 352.80546] color: 32 (rgba 8880), depth: 24, stencil: 8, acc: 0000, samples: 2/1
display  D   display_settings.c:527  _al_score_display_settings       [ 352.80562] Score is : 726
display  D   display_settings.c:212  debug_display_settings           [ 352.80577] color: 32 (rgba 8880), depth: 24, stencil: 8, acc: 0000, samples: 3/1
display  D   display_settings.c:527  _al_score_display_settings       [ 352.80594] Score is : 721
display  D   display_settings.c:212  debug_display_settings           [ 352.80610] color: 32 (rgba 8880), depth: 24, stencil: 8, acc: 0000, samples: 4/1
display  D   display_settings.c:527  _al_score_display_settings       [ 352.80625] Score is : 717
display  D   display_settings.c:212  debug_display_settings           [ 352.80638] color: 32 (rgba 8880), depth: 24, stencil: 8, acc: 0000, samples: 5/1
display  D   display_settings.c:527  _al_score_display_settings       [ 352.80652] Score is : 715
display  D   display_settings.c:212  debug_display_settings           [ 352.80665] color: 32 (rgba 8880), depth: 24, stencil: 8, acc: 0000, samples: 6/1
display  D   display_settings.c:527  _al_score_display_settings       [ 352.80680] Score is : 714
display  D   display_settings.c:212  debug_display_settings           [ 352.80694] color: 32 (rgba 8880), depth: 24, stencil: 8, acc: 0000, samples: 7/1
display  D   display_settings.c:527  _al_score_display_settings       [ 352.80712] Score is : 713
display  D   display_settings.c:212  debug_display_settings           [ 352.80727] color: 32 (rgba 8880), depth: 24, stencil: 8, acc: 0000, samples: 8/1
display  D   display_settings.c:527  _al_score_display_settings       [ 352.80743] Score is : 712
display  D   display_settings.c:212  debug_display_settings           [ 352.80758] color: 32 (rgba 8880), depth: 24, stencil: 0, acc: 0000, samples: 0/0
display  D   display_settings.c:527  _al_score_display_settings       [ 352.80771] Score is : 897
display  D   display_settings.c:212  debug_display_settings           [ 352.80783] color: 32 (rgba 8880), depth: 24, stencil: 0, acc: 0000, samples: 0/0
display  D   display_settings.c:527  _al_score_display_settings       [ 352.80795] Score is : 897
display  D   display_settings.c:212  debug_display_settings           [ 352.80828] color: 32 (rgba 8880), depth: 24, stencil: 0, acc: 0000, samples: 2/1
display  D   display_settings.c:527  _al_score_display_settings       [ 352.80851] Score is : 726
display  D   display_settings.c:212  debug_display_settings           [ 352.80870] color: 32 (rgba 8880), depth: 24, stencil: 0, acc: 0000, samples: 3/1
display  D   display_settings.c:527  _al_score_display_settings       [ 352.80889] Score is : 721
display  D   display_settings.c:212  debug_display_settings           [ 352.80905] color: 32 (rgba 8880), depth: 24, stencil: 0, acc: 0000, samples: 4/1
display  D   display_settings.c:527  _al_score_display_settings       [ 352.80922] Score is : 717
display  D   display_settings.c:212  debug_display_settings           [ 352.80935] color: 32 (rgba 8880), depth: 24, stencil: 0, acc: 0000, samples: 5/1
display  D   display_settings.c:527  _al_score_display_settings       [ 352.80948] Score is : 715
display  D   display_settings.c:212  debug_display_settings           [ 352.80960] color: 32 (rgba 8880), depth: 24, stencil: 0, acc: 0000, samples: 6/1
display  D   display_settings.c:527  _al_score_display_settings       [ 352.80975] Score is : 714
display  D   display_settings.c:212  debug_display_settings           [ 352.80990] color: 32 (rgba 8880), depth: 24, stencil: 0, acc: 0000, samples: 7/1
display  D   display_settings.c:527  _al_score_display_settings       [ 352.81007] Score is : 713
display  D   display_settings.c:212  debug_display_settings           [ 352.81022] color: 32 (rgba 8880), depth: 24, stencil: 0, acc: 0000, samples: 8/1
display  D   display_settings.c:527  _al_score_display_settings       [ 352.81042] Score is : 712
display  D   display_settings.c:212  debug_display_settings           [ 352.81057] color: 32 (rgba 8880), depth: 16, stencil: 0, acc: 0000, samples: 0/0
display  D   display_settings.c:527  _al_score_display_settings       [ 352.81072] Score is : 897
display  D   display_settings.c:212  debug_display_settings           [ 352.81084] color: 32 (rgba 8880), depth: 16, stencil: 0, acc: 0000, samples: 0/0
display  D   display_settings.c:527  _al_score_display_settings       [ 352.81097] Score is : 897
display  D   display_settings.c:212  debug_display_settings           [ 352.81108] color: 32 (rgba 8880), depth: 16, stencil: 0, acc: 0000, samples: 2/1
display  D   display_settings.c:527  _al_score_display_settings       [ 352.81123] Score is : 726
display  D   display_settings.c:212  debug_display_settings           [ 352.81137] color: 32 (rgba 8880), depth: 16, stencil: 0, acc: 0000, samples: 3/1
display  D   display_settings.c:527  _al_score_display_settings       [ 352.81153] Score is : 721
display  D   display_settings.c:212  debug_display_settings           [ 352.81167] color: 32 (rgba 8880), depth: 16, stencil: 0, acc: 0000, samples: 4/1
display  D   display_settings.c:527  _al_score_display_settings       [ 352.81182] Score is : 717
display  D   display_settings.c:212  debug_display_settings           [ 352.81196] color: 32 (rgba 8880), depth: 16, stencil: 0, acc: 0000, samples: 5/1
display  D   display_settings.c:527  _al_score_display_settings       [ 352.81212] Score is : 715
display  D   display_settings.c:212  debug_display_settings           [ 352.81224] color: 32 (rgba 8880), depth: 16, stencil: 0, acc: 0000, samples: 6/1
display  D   display_settings.c:527  _al_score_display_settings       [ 352.81239] Score is : 714
display  D   display_settings.c:212  debug_display_settings           [ 352.81256] color: 32 (rgba 8880), depth: 16, stencil: 0, acc: 0000, samples: 7/1
display  D   display_settings.c:527  _al_score_display_settings       [ 352.81271] Score is : 713
display  D   display_settings.c:212  debug_display_settings           [ 352.81284] color: 32 (rgba 8880), depth: 16, stencil: 0, acc: 0000, samples: 8/1
display  D   display_settings.c:527  _al_score_display_settings       [ 352.81299] Score is : 712
display  D   display_settings.c:212  debug_display_settings           [ 352.81313] color: 16 (rgba 5650), depth: 0, stencil: 0, acc: 0000, samples: 0/0
display  D   display_settings.c:527  _al_score_display_settings       [ 352.81329] Score is : 897
display  D   display_settings.c:212  debug_display_settings           [ 352.81344] color: 16 (rgba 5650), depth: 0, stencil: 0, acc: 0000, samples: 0/0
display  D   display_settings.c:527  _al_score_display_settings       [ 352.81360] Score is : 897
display  D   display_settings.c:212  debug_display_settings           [ 352.81375] color: 16 (rgba 5650), depth: 0, stencil: 0, acc: 0000, samples: 2/1
display  D   display_settings.c:527  _al_score_display_settings       [ 352.81387] Score is : 726
display  D   display_settings.c:212  debug_display_settings           [ 352.81402] color: 16 (rgba 5650), depth: 0, stencil: 0, acc: 0000, samples: 3/1
display  D   display_settings.c:527  _al_score_display_settings       [ 352.81415] Score is : 721
display  D   display_settings.c:212  debug_display_settings           [ 352.81495] color: 16 (rgba 5650), depth: 0, stencil: 0, acc: 0000, samples: 4/1
display  D   display_settings.c:527  _al_score_display_settings       [ 352.81523] Score is : 717
display  D   display_settings.c:212  debug_display_settings           [ 352.81546] color: 16 (rgba 5650), depth: 0, stencil: 0, acc: 0000, samples: 5/1
display  D   display_settings.c:527  _al_score_display_settings       [ 352.81568] Score is : 715
display  D   display_settings.c:212  debug_display_settings           [ 352.81630] color: 16 (rgba 5650), depth: 0, stencil: 0, acc: 0000, samples: 6/1
display  D   display_settings.c:527  _al_score_display_settings       [ 352.81676] Score is : 714
display  D   display_settings.c:212  debug_display_settings           [ 352.81690] color: 16 (rgba 5650), depth: 0, stencil: 0, acc: 0000, samples: 7/1
display  D   display_settings.c:527  _al_score_display_settings       [ 352.81706] Score is : 713
display  D   display_settings.c:212  debug_display_settings           [ 352.81721] color: 16 (rgba 5650), depth: 0, stencil: 0, acc: 0000, samples: 8/1
display  D   display_settings.c:527  _al_score_display_settings       [ 352.81733] Score is : 712
display  D   display_settings.c:212  debug_display_settings           [ 352.81769] color: 16 (rgba 5650), depth: 24, stencil: 8, acc: 0000, samples: 0/0
display  D   display_settings.c:527  _al_score_display_settings       [ 352.81785] Score is : 897
display  D   display_settings.c:212  debug_display_settings           [ 352.81796] color: 16 (rgba 5650), depth: 24, stencil: 8, acc: 0000, samples: 0/0
display  D   display_settings.c:527  _al_score_display_settings       [ 352.81854] Score is : 897
display  D   display_settings.c:212  debug_display_settings           [ 352.81873] color: 16 (rgba 5650), depth: 24, stencil: 8, acc: 0000, samples: 2/1
display  D   display_settings.c:527  _al_score_display_settings       [ 352.81895] Score is : 726
display  D   display_settings.c:212  debug_display_settings           [ 352.81911] color: 16 (rgba 5650), depth: 24, stencil: 8, acc: 0000, samples: 3/1
display  D   display_settings.c:527  _al_score_display_settings       [ 352.81928] Score is : 721
display  D   display_settings.c:212  debug_display_settings           [ 352.81945] color: 16 (rgba 5650), depth: 24, stencil: 8, acc: 0000, samples: 4/1
display  D   display_settings.c:527  _al_score_display_settings       [ 352.81964] Score is : 717
display  D   display_settings.c:212  debug_display_settings           [ 352.81980] color: 16 (rgba 5650), depth: 24, stencil: 8, acc: 0000, samples: 5/1
display  D   display_settings.c:527  _al_score_display_settings       [ 352.81997] Score is : 715
display  D   display_settings.c:212  debug_display_settings           [ 352.82010] color: 16 (rgba 5650), depth: 24, stencil: 8, acc: 0000, samples: 6/1
display  D   display_settings.c:527  _al_score_display_settings       [ 352.82028] Score is : 714
display  D   display_settings.c:212  debug_display_settings           [ 352.82045] color: 16 (rgba 5650), depth: 24, stencil: 8, acc: 0000, samples: 7/1
display  D   display_settings.c:527  _al_score_display_settings       [ 352.82060] Score is : 713
display  D   display_settings.c:212  debug_display_settings           [ 352.82072] color: 16 (rgba 5650), depth: 24, stencil: 8, acc: 0000, samples: 8/1
display  D   display_settings.c:527  _al_score_display_settings       [ 352.82084] Score is : 712
display  D   display_settings.c:212  debug_display_settings           [ 352.82094] color: 16 (rgba 5650), depth: 24, stencil: 0, acc: 0000, samples: 0/0
display  D   display_settings.c:527  _al_score_display_settings       [ 352.82106] Score is : 897
display  D   display_settings.c:212  debug_display_settings           [ 352.82119] color: 16 (rgba 5650), depth: 24, stencil: 0, acc: 0000, samples: 0/0
display  D   display_settings.c:527  _al_score_display_settings       [ 352.82134] Score is : 897
display  D   display_settings.c:212  debug_display_settings           [ 352.82150] color: 16 (rgba 5650), depth: 24, stencil: 0, acc: 0000, samples: 2/1
display  D   display_settings.c:527  _al_score_display_settings       [ 352.82166] Score is : 726
display  D   display_settings.c:212  debug_display_settings           [ 352.82180] color: 16 (rgba 5650), depth: 24, stencil: 0, acc: 0000, samples: 3/1
display  D   display_settings.c:527  _al_score_display_settings       [ 352.82195] Score is : 721
display  D   display_settings.c:212  debug_display_settings           [ 352.82208] color: 16 (rgba 5650), depth: 24, stencil: 0, acc: 0000, samples: 4/1
display  D   display_settings.c:527  _al_score_display_settings       [ 352.82221] Score is : 717
display  D   display_settings.c:212  debug_display_settings           [ 352.82232] color: 16 (rgba 5650), depth: 24, stencil: 0, acc: 0000, samples: 5/1
display  D   display_settings.c:527  _al_score_display_settings       [ 352.82244] Score is : 715
display  D   display_settings.c:212  debug_display_settings           [ 352.82256] color: 16 (rgba 5650), depth: 24, stencil: 0, acc: 0000, samples: 6/1
display  D   display_settings.c:527  _al_score_display_settings       [ 352.82268] Score is : 714
display  D   display_settings.c:212  debug_display_settings           [ 352.82282] color: 16 (rgba 5650), depth: 24, stencil: 0, acc: 0000, samples: 7/1
display  D   display_settings.c:527  _al_score_display_settings       [ 352.82297] Score is : 713
display  D   display_settings.c:212  debug_display_settings           [ 352.82310] color: 16 (rgba 5650), depth: 24, stencil: 0, acc: 0000, samples: 8/1
display  D   display_settings.c:527  _al_score_display_settings       [ 352.82324] Score is : 712
display  D   display_settings.c:212  debug_display_settings           [ 352.82338] color: 16 (rgba 5650), depth: 16, stencil: 0, acc: 0000, samples: 0/0
display  D   display_settings.c:527  _al_score_display_settings       [ 352.82355] Score is : 897
display  D   display_settings.c:212  debug_display_settings           [ 352.82369] color: 16 (rgba 5650), depth: 16, stencil: 0, acc: 0000, samples: 0/0
display  D   display_settings.c:527  _al_score_display_settings       [ 352.82382] Score is : 897
display  D   display_settings.c:212  debug_display_settings           [ 352.82392] color: 16 (rgba 5650), depth: 16, stencil: 0, acc: 0000, samples: 2/1
display  D   display_settings.c:527  _al_score_display_settings       [ 352.82406] Score is : 726
display  D   display_settings.c:212  debug_display_settings           [ 352.82422] color: 16 (rgba 5650), depth: 16, stencil: 0, acc: 0000, samples: 3/1
display  D   display_settings.c:527  _al_score_display_settings       [ 352.82436] Score is : 721
display  D   display_settings.c:212  debug_display_settings           [ 352.82448] color: 16 (rgba 5650), depth: 16, stencil: 0, acc: 0000, samples: 4/1
display  D   display_settings.c:527  _al_score_display_settings       [ 352.82461] Score is : 717
display  D   display_settings.c:212  debug_display_settings           [ 352.82472] color: 16 (rgba 5650), depth: 16, stencil: 0, acc: 0000, samples: 5/1
display  D   display_settings.c:527  _al_score_display_settings       [ 352.82487] Score is : 715
display  D   display_settings.c:212  debug_display_settings           [ 352.82502] color: 16 (rgba 5650), depth: 16, stencil: 0, acc: 0000, samples: 6/1
display  D   display_settings.c:527  _al_score_display_settings       [ 352.82515] Score is : 714
display  D   display_settings.c:212  debug_display_settings           [ 352.82527] color: 16 (rgba 5650), depth: 16, stencil: 0, acc: 0000, samples: 7/1
display  D   display_settings.c:527  _al_score_display_settings       [ 352.82543] Score is : 713
display  D   display_settings.c:212  debug_display_settings           [ 352.82560] color: 16 (rgba 5650), depth: 16, stencil: 0, acc: 0000, samples: 8/1
display  D   display_settings.c:527  _al_score_display_settings       [ 352.82575] Score is : 712
display  D   display_settings.c:212  debug_display_settings           [ 352.82585] color: 32 (rgba 8880), depth: 0, stencil: 0, acc: 0000, samples: 0/0
display  D   display_settings.c:398  _al_score_display_settings       [ 352.82602] Single Buffer requirement not met.
display  D   display_settings.c:212  debug_display_settings           [ 352.82618] color: 32 (rgba 8880), depth: 0, stencil: 0, acc: 0000, samples: 0/0
display  D   display_settings.c:398  _al_score_display_settings       [ 352.82634] Single Buffer requirement not met.
display  D   display_settings.c:212  debug_display_settings           [ 352.82647] color: 32 (rgba 8880), depth: 0, stencil: 0, acc: 0000, samples: 2/1
display  D   display_settings.c:398  _al_score_display_settings       [ 352.82665] Single Buffer requirement not met.
display  D   display_settings.c:212  debug_display_settings           [ 352.82682] color: 32 (rgba 8880), depth: 0, stencil: 0, acc: 0000, samples: 3/1
display  D   display_settings.c:398  _al_score_display_settings       [ 352.82697] Single Buffer requirement not met.
display  D   display_settings.c:212  debug_display_settings           [ 352.82710] color: 32 (rgba 8880), depth: 0, stencil: 0, acc: 0000, samples: 4/1
display  D   display_settings.c:398  _al_score_display_settings       [ 352.82722] Single Buffer requirement not met.
display  D   display_settings.c:212  debug_display_settings           [ 352.82736] color: 32 (rgba 8880), depth: 0, stencil: 0, acc: 0000, samples: 5/1
display  D   display_settings.c:398  _al_score_display_settings       [ 352.82752] Single Buffer requirement not met.
display  D   display_settings.c:212  debug_display_settings           [ 352.82764] color: 32 (rgba 8880), depth: 0, stencil: 0, acc: 0000, samples: 6/1
display  D   display_settings.c:398  _al_score_display_settings       [ 352.82778] Single Buffer requirement not met.
display  D   display_settings.c:212  debug_display_settings           [ 352.82793] color: 32 (rgba 8880), depth: 0, stencil: 0, acc: 0000, samples: 7/1
display  D   display_settings.c:398  _al_score_display_settings       [ 352.82822] Single Buffer requirement not met.
display  D   display_settings.c:212  debug_display_settings           [ 352.82839] color: 32 (rgba 8880), depth: 0, stencil: 0, acc: 0000, samples: 8/1
display  D   display_settings.c:398  _al_score_display_settings       [ 352.82854] Single Buffer requirement not met.
display  D   display_settings.c:212  debug_display_settings           [ 352.82865] color: 32 (rgba 8880), depth: 24, stencil: 8, acc: 0000, samples: 0/0
display  D   display_settings.c:398  _al_score_display_settings       [ 352.82877] Single Buffer requirement not met.
display  D   display_settings.c:212  debug_display_settings           [ 352.82888] color: 32 (rgba 8880), depth: 24, stencil: 8, acc: 0000, samples: 0/0
display  D   display_settings.c:398  _al_score_display_settings       [ 352.82902] Single Buffer requirement not met.
display  D   display_settings.c:212  debug_display_settings           [ 352.82916] color: 32 (rgba 8880), depth: 24, stencil: 8, acc: 0000, samples: 2/1
display  D   display_settings.c:398  _al_score_display_settings       [ 352.82929] Single Buffer requirement not met.
display  D   display_settings.c:212  debug_display_settings           [ 352.82941] color: 32 (rgba 8880), depth: 24, stencil: 8, acc: 0000, samples: 3/1
display  D   display_settings.c:398  _al_score_display_settings       [ 352.82952] Single Buffer requirement not met.
display  D   display_settings.c:212  debug_display_settings           [ 352.82964] color: 32 (rgba 8880), depth: 24, stencil: 8, acc: 0000, samples: 4/1
display  D   display_settings.c:398  _al_score_display_settings       [ 352.82975] Single Buffer requirement not met.
display  D   display_settings.c:212  debug_display_settings           [ 352.82988] color: 32 (rgba 8880), depth: 24, stencil: 8, acc: 0000, samples: 5/1
display  D   display_settings.c:398  _al_score_display_settings       [ 352.83000] Single Buffer requirement not met.
display  D   display_settings.c:212  debug_display_settings           [ 352.83015] color: 32 (rgba 8880), depth: 24, stencil: 8, acc: 0000, samples: 6/1
display  D   display_settings.c:398  _al_score_display_settings       [ 352.83035] Single Buffer requirement not met.
display  D   display_settings.c:212  debug_display_settings           [ 352.83049] color: 32 (rgba 8880), depth: 24, stencil: 8, acc: 0000, samples: 7/1
display  D   display_settings.c:398  _al_score_display_settings       [ 352.83065] Single Buffer requirement not met.
display  D   display_settings.c:212  debug_display_settings           [ 352.83081] color: 32 (rgba 8880), depth: 24, stencil: 8, acc: 0000, samples: 8/1
display  D   display_settings.c:398  _al_score_display_settings       [ 352.83094] Single Buffer requirement not met.
display  D   display_settings.c:212  debug_display_settings           [ 352.83279] color: 32 (rgba 8880), depth: 24, stencil: 0, acc: 0000, samples: 0/0
display  D   display_settings.c:398  _al_score_display_settings       [ 352.83320] Single Buffer requirement not met.
display  D   display_settings.c:212  debug_display_settings           [ 352.83342] color: 32 (rgba 8880), depth: 24, stencil: 0, acc: 0000, samples: 0/0
display  D   display_settings.c:398  _al_score_display_settings       [ 352.83356] Single Buffer requirement not met.
display  D   display_settings.c:212  debug_display_settings           [ 352.83369] color: 32 (rgba 8880), depth: 24, stencil: 0, acc: 0000, samples: 2/1
display  D   display_settings.c:398  _al_score_display_settings       [ 352.83387] Single Buffer requirement not met.
display  D   display_settings.c:212  debug_display_settings           [ 352.83405] color: 32 (rgba 8880), depth: 24, stencil: 0, acc: 0000, samples: 3/1
display  D   display_settings.c:398  _al_score_display_settings       [ 352.83422] Single Buffer requirement not met.
display  D   display_settings.c:212  debug_display_settings           [ 352.83439] color: 32 (rgba 8880), depth: 24, stencil: 0, acc: 0000, samples: 4/1
display  D   display_settings.c:398  _al_score_display_settings       [ 352.83457] Single Buffer requirement not met.
display  D   display_settings.c:212  debug_display_settings           [ 352.83472] color: 32 (rgba 8880), depth: 24, stencil: 0, acc: 0000, samples: 5/1
display  D   display_settings.c:398  _al_score_display_settings       [ 352.83488] Single Buffer requirement not met.
display  D   display_settings.c:212  debug_display_settings           [ 352.83499] color: 32 (rgba 8880), depth: 24, stencil: 0, acc: 0000, samples: 6/1
display  D   display_settings.c:398  _al_score_display_settings       [ 352.83512] Single Buffer requirement not met.
display  D   display_settings.c:212  debug_display_settings           [ 352.83523] color: 32 (rgba 8880), depth: 24, stencil: 0, acc: 0000, samples: 7/1
display  D   display_settings.c:398  _al_score_display_settings       [ 352.83535] Single Buffer requirement not met.
display  D   display_settings.c:212  debug_display_settings           [ 352.83547] color: 32 (rgba 8880), depth: 24, stencil: 0, acc: 0000, samples: 8/1
display  D   display_settings.c:398  _al_score_display_settings       [ 352.83558] Single Buffer requirement not met.
display  D   display_settings.c:212  debug_display_settings           [ 352.83570] color: 32 (rgba 8880), depth: 16, stencil: 0, acc: 0000, samples: 0/0
display  D   display_settings.c:398  _al_score_display_settings       [ 352.83581] Single Buffer requirement not met.
display  D   display_settings.c:212  debug_display_settings           [ 352.83594] color: 32 (rgba 8880), depth: 16, stencil: 0, acc: 0000, samples: 0/0
display  D   display_settings.c:398  _al_score_display_settings       [ 352.83607] Single Buffer requirement not met.
display  D   display_settings.c:212  debug_display_settings           [ 352.83649] color: 32 (rgba 8880), depth: 16, stencil: 0, acc: 0000, samples: 2/1
display  D   display_settings.c:398  _al_score_display_settings       [ 352.83675] Single Buffer requirement not met.
display  D   display_settings.c:212  debug_display_settings           [ 352.83693] color: 32 (rgba 8880), depth: 16, stencil: 0, acc: 0000, samples: 3/1
display  D   display_settings.c:398  _al_score_display_settings       [ 352.83708] Single Buffer requirement not met.
display  D   display_settings.c:212  debug_display_settings           [ 352.83727] color: 32 (rgba 8880), depth: 16, stencil: 0, acc: 0000, samples: 4/1
display  D   display_settings.c:398  _al_score_display_settings       [ 352.83742] Single Buffer requirement not met.
display  D   display_settings.c:212  debug_display_settings           [ 352.83755] color: 32 (rgba 8880), depth: 16, stencil: 0, acc: 0000, samples: 5/1
display  D   display_settings.c:398  _al_score_display_settings       [ 352.83768] Single Buffer requirement not met.
display  D   display_settings.c:212  debug_display_settings           [ 352.83788] color: 32 (rgba 8880), depth: 16, stencil: 0, acc: 0000, samples: 6/1
display  D   display_settings.c:398  _al_score_display_settings       [ 352.83809] Single Buffer requirement not met.
display  D   display_settings.c:212  debug_display_settings           [ 352.83824] color: 32 (rgba 8880), depth: 16, stencil: 0, acc: 0000, samples: 7/1
display  D   display_settings.c:398  _al_score_display_settings       [ 352.83837] Single Buffer requirement not met.
display  D   display_settings.c:212  debug_display_settings           [ 352.83852] color: 32 (rgba 8880), depth: 16, stencil: 0, acc: 0000, samples: 8/1
display  D   display_settings.c:398  _al_score_display_settings       [ 352.83864] Single Buffer requirement not met.
display  D   display_settings.c:212  debug_display_settings           [ 352.83878] color: 16 (rgba 5650), depth: 0, stencil: 0, acc: 0000, samples: 0/0
display  D   display_settings.c:398  _al_score_display_settings       [ 352.83892] Single Buffer requirement not met.
display  D   display_settings.c:212  debug_display_settings           [ 352.83906] color: 16 (rgba 5650), depth: 0, stencil: 0, acc: 0000, samples: 0/0
display  D   display_settings.c:398  _al_score_display_settings       [ 352.83929] Single Buffer requirement not met.
display  D   display_settings.c:212  debug_display_settings           [ 352.83949] color: 16 (rgba 5650), depth: 0, stencil: 0, acc: 0000, samples: 2/1
display  D   display_settings.c:398  _al_score_display_settings       [ 352.83963] Single Buffer requirement not met.
display  D   display_settings.c:212  debug_display_settings           [ 352.83983] color: 16 (rgba 5650), depth: 0, stencil: 0, acc: 0000, samples: 3/1
display  D   display_settings.c:398  _al_score_display_settings       [ 352.83998] Single Buffer requirement not met.
display  D   display_settings.c:212  debug_display_settings           [ 352.84013] color: 16 (rgba 5650), depth: 0, stencil: 0, acc: 0000, samples: 4/1
display  D   display_settings.c:398  _al_score_display_settings       [ 352.84027] Single Buffer requirement not met.
display  D   display_settings.c:212  debug_display_settings           [ 352.84043] color: 16 (rgba 5650), depth: 0, stencil: 0, acc: 0000, samples: 5/1
display  D   display_settings.c:398  _al_score_display_settings       [ 352.84058] Single Buffer requirement not met.
display  D   display_settings.c:212  debug_display_settings           [ 352.84073] color: 16 (rgba 5650), depth: 0, stencil: 0, acc: 0000, samples: 6/1
display  D   display_settings.c:398  _al_score_display_settings       [ 352.84086] Single Buffer requirement not met.
display  D   display_settings.c:212  debug_display_settings           [ 352.84097] color: 16 (rgba 5650), depth: 0, stencil: 0, acc: 0000, samples: 7/1
display  D   display_settings.c:398  _al_score_display_settings       [ 352.84111] Single Buffer requirement not met.
display  D   display_settings.c:212  debug_display_settings           [ 352.84125] color: 16 (rgba 5650), depth: 0, stencil: 0, acc: 0000, samples: 8/1
display  D   display_settings.c:398  _al_score_display_settings       [ 352.84141] Single Buffer requirement not met.
display  D   display_settings.c:212  debug_display_settings           [ 352.84155] color: 16 (rgba 5650), depth: 24, stencil: 8, acc: 0000, samples: 0/0
display  D   display_settings.c:398  _al_score_display_settings       [ 352.84167] Single Buffer requirement not met.
display  D   display_settings.c:212  debug_display_settings           [ 352.84179] color: 16 (rgba 5650), depth: 24, stencil: 8, acc: 0000, samples: 0/0
display  D   display_settings.c:398  _al_score_display_settings       [ 352.84194] Single Buffer requirement not met.
display  D   display_settings.c:212  debug_display_settings           [ 352.84209] color: 16 (rgba 5650), depth: 24, stencil: 8, acc: 0000, samples: 2/1
display  D   display_settings.c:398  _al_score_display_settings       [ 352.84224] Single Buffer requirement not met.
display  D   display_settings.c:212  debug_display_settings           [ 352.84250] color: 16 (rgba 5650), depth: 24, stencil: 8, acc: 0000, samples: 3/1
display  D   display_settings.c:398  _al_score_display_settings       [ 352.84269] Single Buffer requirement not met.
display  D   display_settings.c:212  debug_display_settings           [ 352.84286] color: 16 (rgba 5650), depth: 24, stencil: 8, acc: 0000, samples: 4/1
display  D   display_settings.c:398  _al_score_display_settings       [ 352.84304] Single Buffer requirement not met.
display  D   display_settings.c:212  debug_display_settings           [ 352.84318] color: 16 (rgba 5650), depth: 24, stencil: 8, acc: 0000, samples: 5/1
display  D   display_settings.c:398  _al_score_display_settings       [ 352.84336] Single Buffer requirement not met.
display  D   display_settings.c:212  debug_display_settings           [ 352.84350] color: 16 (rgba 5650), depth: 24, stencil: 8, acc: 0000, samples: 6/1
display  D   display_settings.c:398  _al_score_display_settings       [ 352.84367] Single Buffer requirement not met.
display  D   display_settings.c:212  debug_display_settings           [ 352.84380] color: 16 (rgba 5650), depth: 24, stencil: 8, acc: 0000, samples: 7/1
display  D   display_settings.c:398  _al_score_display_settings       [ 352.84392] Single Buffer requirement not met.
display  D   display_settings.c:212  debug_display_settings           [ 352.84404] color: 16 (rgba 5650), depth: 24, stencil: 8, acc: 0000, samples: 8/1
display  D   display_settings.c:398  _al_score_display_settings       [ 352.84417] Single Buffer requirement not met.
display  D   display_settings.c:212  debug_display_settings           [ 352.84428] color: 16 (rgba 5650), depth: 24, stencil: 0, acc: 0000, samples: 0/0
display  D   display_settings.c:398  _al_score_display_settings       [ 352.84442] Single Buffer requirement not met.
display  D   display_settings.c:212  debug_display_settings           [ 352.84458] color: 16 (rgba 5650), depth: 24, stencil: 0, acc: 0000, samples: 0/0
display  D   display_settings.c:398  _al_score_display_settings       [ 352.84473] Single Buffer requirement not met.
display  D   display_settings.c:212  debug_display_settings           [ 352.84488] color: 16 (rgba 5650), depth: 24, stencil: 0, acc: 0000, samples: 2/1
display  D   display_settings.c:398  _al_score_display_settings       [ 352.84505] Single Buffer requirement not met.
display  D   display_settings.c:212  debug_display_settings           [ 352.84521] color: 16 (rgba 5650), depth: 24, stencil: 0, acc: 0000, samples: 3/1
display  D   display_settings.c:398  _al_score_display_settings       [ 352.84534] Single Buffer requirement not met.
display  D   display_settings.c:212  debug_display_settings           [ 352.84547] color: 16 (rgba 5650), depth: 24, stencil: 0, acc: 0000, samples: 4/1
display  D   display_settings.c:398  _al_score_display_settings       [ 352.84563] Single Buffer requirement not met.
display  D   display_settings.c:212  debug_display_settings           [ 352.84577] color: 16 (rgba 5650), depth: 24, stencil: 0, acc: 0000, samples: 5/1
display  D   display_settings.c:398  _al_score_display_settings       [ 352.84590] Single Buffer requirement not met.
display  D   display_settings.c:212  debug_display_settings           [ 352.84605] color: 16 (rgba 5650), depth: 24, stencil: 0, acc: 0000, samples: 6/1
display  D   display_settings.c:398  _al_score_display_settings       [ 352.84619] Single Buffer requirement not met.
display  D   display_settings.c:212  debug_display_settings           [ 352.84635] color: 16 (rgba 5650), depth: 24, stencil: 0, acc: 0000, samples: 7/1
display  D   display_settings.c:398  _al_score_display_settings       [ 352.84647] Single Buffer requirement not met.
display  D   display_settings.c:212  debug_display_settings           [ 352.84664] color: 16 (rgba 5650), depth: 24, stencil: 0, acc: 0000, samples: 8/1
display  D   display_settings.c:398  _al_score_display_settings       [ 352.84679] Single Buffer requirement not met.
display  D   display_settings.c:212  debug_display_settings           [ 352.84696] color: 16 (rgba 5650), depth: 16, stencil: 0, acc: 0000, samples: 0/0
display  D   display_settings.c:398  _al_score_display_settings       [ 352.84717] Single Buffer requirement not met.
display  D   display_settings.c:212  debug_display_settings           [ 352.84731] color: 16 (rgba 5650), depth: 16, stencil: 0, acc: 0000, samples: 0/0
display  D   display_settings.c:398  _al_score_display_settings       [ 352.84746] Single Buffer requirement not met.
display  D   display_settings.c:212  debug_display_settings           [ 352.84848] color: 16 (rgba 5650), depth: 16, stencil: 0, acc: 0000, samples: 2/1
display  D   display_settings.c:398  _al_score_display_settings       [ 352.84875] Single Buffer requirement not met.
display  D   display_settings.c:212  debug_display_settings           [ 352.84898] color: 16 (rgba 5650), depth: 16, stencil: 0, acc: 0000, samples: 3/1
display  D   display_settings.c:398  _al_score_display_settings       [ 352.84919] Single Buffer requirement not met.
display  D   display_settings.c:212  debug_display_settings           [ 352.84983] color: 16 (rgba 5650), depth: 16, stencil: 0, acc: 0000, samples: 4/1
display  D   display_settings.c:398  _al_score_display_settings       [ 352.85038] Single Buffer requirement not met.
display  D   display_settings.c:212  debug_display_settings           [ 352.85064] color: 16 (rgba 5650), depth: 16, stencil: 0, acc: 0000, samples: 5/1
display  D   display_settings.c:398  _al_score_display_settings       [ 352.85086] Single Buffer requirement not met.
display  D   display_settings.c:212  debug_display_settings           [ 352.85106] color: 16 (rgba 5650), depth: 16, stencil: 0, acc: 0000, samples: 6/1
display  D   display_settings.c:398  _al_score_display_settings       [ 352.85153] Single Buffer requirement not met.
display  D   display_settings.c:212  debug_display_settings           [ 352.85179] color: 16 (rgba 5650), depth: 16, stencil: 0, acc: 0000, samples: 7/1
display  D   display_settings.c:398  _al_score_display_settings       [ 352.85241] Single Buffer requirement not met.
display  D   display_settings.c:212  debug_display_settings           [ 352.85270] color: 16 (rgba 5650), depth: 16, stencil: 0, acc: 0000, samples: 8/1
display  D   display_settings.c:398  _al_score_display_settings       [ 352.85285] Single Buffer requirement not met.
display  D   display_settings.c:212  debug_display_settings           [ 352.85302] color: 32 (rgba 8880), depth: 0, stencil: 0, acc: 0000, samples: 0/0
display  D   display_settings.c:527  _al_score_display_settings       [ 352.85321] Score is : 769
display  D   display_settings.c:212  debug_display_settings           [ 352.85338] color: 32 (rgba 8880), depth: 0, stencil: 0, acc: 0000, samples: 0/0
display  D   display_settings.c:527  _al_score_display_settings       [ 352.85357] Score is : 769
display  D   display_settings.c:212  debug_display_settings           [ 352.85373] color: 32 (rgba 8880), depth: 0, stencil: 0, acc: 0000, samples: 2/1
display  D   display_settings.c:527  _al_score_display_settings       [ 352.85389] Score is : 598
display  D   display_settings.c:212  debug_display_settings           [ 352.85401] color: 32 (rgba 8880), depth: 0, stencil: 0, acc: 0000, samples: 3/1
display  D   display_settings.c:527  _al_score_display_settings       [ 352.85426] Score is : 593
display  D   display_settings.c:212  debug_display_settings           [ 352.85441] color: 32 (rgba 8880), depth: 0, stencil: 0, acc: 0000, samples: 4/1
display  D   display_settings.c:527  _al_score_display_settings       [ 352.85455] Score is : 589
display  D   display_settings.c:212  debug_display_settings           [ 352.85466] color: 32 (rgba 8880), depth: 0, stencil: 0, acc: 0000, samples: 5/1
display  D   display_settings.c:527  _al_score_display_settings       [ 352.85479] Score is : 587
display  D   display_settings.c:212  debug_display_settings           [ 352.85491] color: 32 (rgba 8880), depth: 0, stencil: 0, acc: 0000, samples: 6/1
display  D   display_settings.c:527  _al_score_display_settings       [ 352.85505] Score is : 586
display  D   display_settings.c:212  debug_display_settings           [ 352.85546] color: 32 (rgba 8880), depth: 0, stencil: 0, acc: 0000, samples: 7/1
display  D   display_settings.c:527  _al_score_display_settings       [ 352.85569] Score is : 585
display  D   display_settings.c:212  debug_display_settings           [ 352.85586] color: 32 (rgba 8880), depth: 0, stencil: 0, acc: 0000, samples: 8/1
display  D   display_settings.c:527  _al_score_display_settings       [ 352.85605] Score is : 584
display  D   display_settings.c:212  debug_display_settings           [ 352.85656] color: 32 (rgba 8880), depth: 24, stencil: 8, acc: 0000, samples: 0/0
display  D   display_settings.c:527  _al_score_display_settings       [ 352.85684] Score is : 769
display  D   display_settings.c:212  debug_display_settings           [ 352.85703] color: 32 (rgba 8880), depth: 24, stencil: 8, acc: 0000, samples: 0/0
display  D   display_settings.c:527  _al_score_display_settings       [ 352.85720] Score is : 769
display  D   display_settings.c:212  debug_display_settings           [ 352.85734] color: 32 (rgba 8880), depth: 24, stencil: 8, acc: 0000, samples: 2/1
display  D   display_settings.c:527  _al_score_display_settings       [ 352.85750] Score is : 598
display  D   display_settings.c:212  debug_display_settings           [ 352.85773] color: 32 (rgba 8880), depth: 24, stencil: 8, acc: 0000, samples: 3/1
display  D   display_settings.c:527  _al_score_display_settings       [ 352.85802] Score is : 593
display  D   display_settings.c:212  debug_display_settings           [ 352.85826] color: 32 (rgba 8880), depth: 24, stencil: 8, acc: 0000, samples: 4/1
display  D   display_settings.c:527  _al_score_display_settings       [ 352.85851] Score is : 589
display  D   display_settings.c:212  debug_display_settings           [ 352.85871] color: 32 (rgba 8880), depth: 24, stencil: 8, acc: 0000, samples: 5/1
display  D   display_settings.c:527  _al_score_display_settings       [ 352.85887] Score is : 587
display  D   display_settings.c:212  debug_display_settings           [ 352.85904] color: 32 (rgba 8880), depth: 24, stencil: 8, acc: 0000, samples: 6/1
display  D   display_settings.c:527  _al_score_display_settings       [ 352.85926] Score is : 586
display  D   display_settings.c:212  debug_display_settings           [ 352.85948] color: 32 (rgba 8880), depth: 24, stencil: 8, acc: 0000, samples: 7/1
display  D   display_settings.c:527  _al_score_display_settings       [ 352.85969] Score is : 585
display  D   display_settings.c:212  debug_display_settings           [ 352.85993] color: 32 (rgba 8880), depth: 24, stencil: 8, acc: 0000, samples: 8/1
display  D   display_settings.c:527  _al_score_display_settings       [ 352.86006] Score is : 584
display  D   display_settings.c:212  debug_display_settings           [ 352.86023] color: 32 (rgba 8880), depth: 24, stencil: 0, acc: 0000, samples: 0/0
display  D   display_settings.c:527  _al_score_display_settings       [ 352.86044] Score is : 769
display  D   display_settings.c:212  debug_display_settings           [ 352.86061] color: 32 (rgba 8880), depth: 24, stencil: 0, acc: 0000, samples: 0/0
display  D   display_settings.c:527  _al_score_display_settings       [ 352.86108] Score is : 769
display  D   display_settings.c:212  debug_display_settings           [ 352.86174] color: 32 (rgba 8880), depth: 24, stencil: 0, acc: 0000, samples: 2/1
display  D   display_settings.c:527  _al_score_display_settings       [ 352.86203] Score is : 598
display  D   display_settings.c:212  debug_display_settings           [ 352.86224] color: 32 (rgba 8880), depth: 24, stencil: 0, acc: 0000, samples: 3/1
display  D   display_settings.c:527  _al_score_display_settings       [ 352.86241] Score is : 593
display  D   display_settings.c:212  debug_display_settings           [ 352.86257] color: 32 (rgba 8880), depth: 24, stencil: 0, acc: 0000, samples: 4/1
display  D   display_settings.c:527  _al_score_display_settings       [ 352.86281] Score is : 589
display  D   display_settings.c:212  debug_display_settings           [ 352.86304] color: 32 (rgba 8880), depth: 24, stencil: 0, acc: 0000, samples: 5/1
display  D   display_settings.c:527  _al_score_display_settings       [ 352.86324] Score is : 587
display  D   display_settings.c:212  debug_display_settings           [ 352.86339] color: 32 (rgba 8880), depth: 24, stencil: 0, acc: 0000, samples: 6/1
display  D   display_settings.c:527  _al_score_display_settings       [ 352.86355] Score is : 586
display  D   display_settings.c:212  debug_display_settings           [ 352.86368] color: 32 (rgba 8880), depth: 24, stencil: 0, acc: 0000, samples: 7/1
display  D   display_settings.c:527  _al_score_display_settings       [ 352.86386] Score is : 585
display  D   display_settings.c:212  debug_display_settings           [ 352.86400] color: 32 (rgba 8880), depth: 24, stencil: 0, acc: 0000, samples: 8/1
display  D   display_settings.c:527  _al_score_display_settings       [ 352.86418] Score is : 584
display  D   display_settings.c:212  debug_display_settings           [ 352.86685] color: 32 (rgba 8880), depth: 16, stencil: 0, acc: 0000, samples: 0/0
display  D   display_settings.c:527  _al_score_display_settings       [ 352.86727] Score is : 769
display  D   display_settings.c:212  debug_display_settings           [ 352.86763] color: 32 (rgba 8880), depth: 16, stencil: 0, acc: 0000, samples: 0/0
display  D   display_settings.c:527  _al_score_display_settings       [ 352.86775] Score is : 769
display  D   display_settings.c:212  debug_display_settings           [ 352.86789] color: 32 (rgba 8880), depth: 16, stencil: 0, acc: 0000, samples: 2/1
display  D   display_settings.c:527  _al_score_display_settings       [ 352.86823] Score is : 598
display  D   display_settings.c:212  debug_display_settings           [ 352.86847] color: 32 (rgba 8880), depth: 16, stencil: 0, acc: 0000, samples: 3/1
display  D   display_settings.c:527  _al_score_display_settings       [ 352.86862] Score is : 593
display  D   display_settings.c:212  debug_display_settings           [ 352.86874] color: 32 (rgba 8880), depth: 16, stencil: 0, acc: 0000, samples: 4/1
display  D   display_settings.c:527  _al_score_display_settings       [ 352.86909] Score is : 589
display  D   display_settings.c:212  debug_display_settings           [ 352.86934] color: 32 (rgba 8880), depth: 16, stencil: 0, acc: 0000, samples: 5/1
display  D   display_settings.c:527  _al_score_display_settings       [ 352.86952] Score is : 587
display  D   display_settings.c:212  debug_display_settings           [ 352.86968] color: 32 (rgba 8880), depth: 16, stencil: 0, acc: 0000, samples: 6/1
display  D   display_settings.c:527  _al_score_display_settings       [ 352.86984] Score is : 586
display  D   display_settings.c:212  debug_display_settings           [ 352.87000] color: 32 (rgba 8880), depth: 16, stencil: 0, acc: 0000, samples: 7/1
display  D   display_settings.c:527  _al_score_display_settings       [ 352.87027] Score is : 585
display  D   display_settings.c:212  debug_display_settings           [ 352.87071] color: 32 (rgba 8880), depth: 16, stencil: 0, acc: 0000, samples: 8/1
display  D   display_settings.c:527  _al_score_display_settings       [ 352.87097] Score is : 584
display  D   display_settings.c:212  debug_display_settings           [ 352.87137] color: 16 (rgba 5650), depth: 0, stencil: 0, acc: 0000, samples: 0/0
display  D   display_settings.c:527  _al_score_display_settings       [ 352.87187] Score is : 769
display  D   display_settings.c:212  debug_display_settings           [ 352.87203] color: 16 (rgba 5650), depth: 0, stencil: 0, acc: 0000, samples: 0/0
display  D   display_settings.c:527  _al_score_display_settings       [ 352.87220] Score is : 769
display  D   display_settings.c:212  debug_display_settings           [ 352.87238] color: 16 (rgba 5650), depth: 0, stencil: 0, acc: 0000, samples: 2/1
display  D   display_settings.c:527  _al_score_display_settings       [ 352.87252] Score is : 598
display  D   display_settings.c:212  debug_display_settings           [ 352.87266] color: 16 (rgba 5650), depth: 0, stencil: 0, acc: 0000, samples: 3/1
display  D   display_settings.c:527  _al_score_display_settings       [ 352.87283] Score is : 593
display  D   display_settings.c:212  debug_display_settings           [ 352.87296] color: 16 (rgba 5650), depth: 0, stencil: 0, acc: 0000, samples: 4/1
display  D   display_settings.c:527  _al_score_display_settings       [ 352.87309] Score is : 589
display  D   display_settings.c:212  debug_display_settings           [ 352.87321] color: 16 (rgba 5650), depth: 0, stencil: 0, acc: 0000, samples: 5/1
display  D   display_settings.c:527  _al_score_display_settings       [ 352.87333] Score is : 587
display  D   display_settings.c:212  debug_display_settings           [ 352.87345] color: 16 (rgba 5650), depth: 0, stencil: 0, acc: 0000, samples: 6/1
display  D   display_settings.c:527  _al_score_display_settings       [ 352.87359] Score is : 586
display  D   display_settings.c:212  debug_display_settings           [ 352.87378] color: 16 (rgba 5650), depth: 0, stencil: 0, acc: 0000, samples: 7/1
display  D   display_settings.c:527  _al_score_display_settings       [ 352.87396] Score is : 585
display  D   display_settings.c:212  debug_display_settings           [ 352.87415] color: 16 (rgba 5650), depth: 0, stencil: 0, acc: 0000, samples: 8/1
display  D   display_settings.c:527  _al_score_display_settings       [ 352.87430] Score is : 584
display  D   display_settings.c:212  debug_display_settings           [ 352.87451] color: 16 (rgba 5650), depth: 24, stencil: 8, acc: 0000, samples: 0/0
display  D   display_settings.c:527  _al_score_display_settings       [ 352.87470] Score is : 769
display  D   display_settings.c:212  debug_display_settings           [ 352.87482] color: 16 (rgba 5650), depth: 24, stencil: 8, acc: 0000, samples: 0/0
display  D   display_settings.c:527  _al_score_display_settings       [ 352.87495] Score is : 769
display  D   display_settings.c:212  debug_display_settings           [ 352.87507] color: 16 (rgba 5650), depth: 24, stencil: 8, acc: 0000, samples: 2/1
display  D   display_settings.c:527  _al_score_display_settings       [ 352.87520] Score is : 598
display  D   display_settings.c:212  debug_display_settings           [ 352.87532] color: 16 (rgba 5650), depth: 24, stencil: 8, acc: 0000, samples: 3/1
display  D   display_settings.c:527  _al_score_display_settings       [ 352.87545] Score is : 593
display  D   display_settings.c:212  debug_display_settings           [ 352.87557] color: 16 (rgba 5650), depth: 24, stencil: 8, acc: 0000, samples: 4/1
display  D   display_settings.c:527  _al_score_display_settings       [ 352.87571] Score is : 589
display  D   display_settings.c:212  debug_display_settings           [ 352.87584] color: 16 (rgba 5650), depth: 24, stencil: 8, acc: 0000, samples: 5/1
display  D   display_settings.c:527  _al_score_display_settings       [ 352.87597] Score is : 587
display  D   display_settings.c:212  debug_display_settings           [ 352.87615] color: 16 (rgba 5650), depth: 24, stencil: 8, acc: 0000, samples: 6/1
display  D   display_settings.c:527  _al_score_display_settings       [ 352.87634] Score is : 586
display  D   display_settings.c:212  debug_display_settings           [ 352.87650] color: 16 (rgba 5650), depth: 24, stencil: 8, acc: 0000, samples: 7/1
display  D   display_settings.c:527  _al_score_display_settings       [ 352.87664] Score is : 585
display  D   display_settings.c:212  debug_display_settings           [ 352.87676] color: 16 (rgba 5650), depth: 24, stencil: 8, acc: 0000, samples: 8/1
display  D   display_settings.c:527  _al_score_display_settings       [ 352.87692] Score is : 584
display  D   display_settings.c:212  debug_display_settings           [ 352.87717] color: 16 (rgba 5650), depth: 24, stencil: 0, acc: 0000, samples: 0/0
display  D   display_settings.c:527  _al_score_display_settings       [ 352.87736] Score is : 769
display  D   display_settings.c:212  debug_display_settings           [ 352.87757] color: 16 (rgba 5650), depth: 24, stencil: 0, acc: 0000, samples: 0/0
display  D   display_settings.c:527  _al_score_display_settings       [ 352.87776] Score is : 769
display  D   display_settings.c:212  debug_display_settings           [ 352.87791] color: 16 (rgba 5650), depth: 24, stencil: 0, acc: 0000, samples: 2/1
display  D   display_settings.c:527  _al_score_display_settings       [ 352.87816] Score is : 598
display  D   display_settings.c:212  debug_display_settings           [ 352.87834] color: 16 (rgba 5650), depth: 24, stencil: 0, acc: 0000, samples: 3/1
display  D   display_settings.c:527  _al_score_display_settings       [ 352.87849] Score is : 593
display  D   display_settings.c:212  debug_display_settings           [ 352.87860] color: 16 (rgba 5650), depth: 24, stencil: 0, acc: 0000, samples: 4/1
display  D   display_settings.c:527  _al_score_display_settings       [ 352.87873] Score is : 589
display  D   display_settings.c:212  debug_display_settings           [ 352.87885] color: 16 (rgba 5650), depth: 24, stencil: 0, acc: 0000, samples: 5/1
display  D   display_settings.c:527  _al_score_display_settings       [ 352.87898] Score is : 587
display  D   display_settings.c:212  debug_display_settings           [ 352.87910] color: 16 (rgba 5650), depth: 24, stencil: 0, acc: 0000, samples: 6/1
display  D   display_settings.c:527  _al_score_display_settings       [ 352.87923] Score is : 586
display  D   display_settings.c:212  debug_display_settings           [ 352.87935] color: 16 (rgba 5650), depth: 24, stencil: 0, acc: 0000, samples: 7/1
display  D   display_settings.c:527  _al_score_display_settings       [ 352.87965] Score is : 585
display  D   display_settings.c:212  debug_display_settings           [ 352.87986] color: 16 (rgba 5650), depth: 24, stencil: 0, acc: 0000, samples: 8/1
display  D   display_settings.c:527  _al_score_display_settings       [ 352.88000] Score is : 584
display  D   display_settings.c:212  debug_display_settings           [ 352.88017] color: 16 (rgba 5650), depth: 16, stencil: 0, acc: 0000, samples: 0/0
display  D   display_settings.c:527  _al_score_display_settings       [ 352.88034] Score is : 769
display  D   display_settings.c:212  debug_display_settings           [ 352.88054] color: 16 (rgba 5650), depth: 16, stencil: 0, acc: 0000, samples: 0/0
display  D   display_settings.c:527  _al_score_display_settings       [ 352.88068] Score is : 769
display  D   display_settings.c:212  debug_display_settings           [ 352.88083] color: 16 (rgba 5650), depth: 16, stencil: 0, acc: 0000, samples: 2/1
display  D   display_settings.c:527  _al_score_display_settings       [ 352.88097] Score is : 598
display  D   display_settings.c:212  debug_display_settings           [ 352.88192] color: 16 (rgba 5650), depth: 16, stencil: 0, acc: 0000, samples: 3/1
display  D   display_settings.c:527  _al_score_display_settings       [ 352.88223] Score is : 593
display  D   display_settings.c:212  debug_display_settings           [ 352.88302] color: 16 (rgba 5650), depth: 16, stencil: 0, acc: 0000, samples: 4/1
display  D   display_settings.c:527  _al_score_display_settings       [ 352.88410] Score is : 589
display  D   display_settings.c:212  debug_display_settings           [ 352.88438] color: 16 (rgba 5650), depth: 16, stencil: 0, acc: 0000, samples: 5/1
display  D   display_settings.c:527  _al_score_display_settings       [ 352.88468] Score is : 587
display  D   display_settings.c:212  debug_display_settings           [ 352.88510] color: 16 (rgba 5650), depth: 16, stencil: 0, acc: 0000, samples: 6/1
display  D   display_settings.c:527  _al_score_display_settings       [ 352.88541] Score is : 586
display  D   display_settings.c:212  debug_display_settings           [ 352.88581] color: 16 (rgba 5650), depth: 16, stencil: 0, acc: 0000, samples: 7/1
display  D   display_settings.c:527  _al_score_display_settings       [ 352.88599] Score is : 585
display  D   display_settings.c:212  debug_display_settings           [ 352.88618] color: 16 (rgba 5650), depth: 16, stencil: 0, acc: 0000, samples: 8/1
display  D   display_settings.c:527  _al_score_display_settings       [ 352.88634] Score is : 584
display  D   display_settings.c:212  debug_display_settings           [ 352.88650] color: 32 (rgba 8880), depth: 0, stencil: 0, acc: 0000, samples: 0/0
display  D   display_settings.c:398  _al_score_display_settings       [ 352.88664] Single Buffer requirement not met.
display  D   display_settings.c:212  debug_display_settings           [ 352.88682] color: 32 (rgba 8880), depth: 0, stencil: 0, acc: 0000, samples: 0/0
display  D   display_settings.c:398  _al_score_display_settings       [ 352.88702] Single Buffer requirement not met.
display  D   display_settings.c:212  debug_display_settings           [ 352.88722] color: 32 (rgba 8880), depth: 0, stencil: 0, acc: 0000, samples: 2/1
display  D   display_settings.c:398  _al_score_display_settings       [ 352.88755] Single Buffer requirement not met.
display  D   display_settings.c:212  debug_display_settings           [ 352.88774] color: 32 (rgba 8880), depth: 0, stencil: 0, acc: 0000, samples: 3/1
display  D   display_settings.c:398  _al_score_display_settings       [ 352.88796] Single Buffer requirement not met.
display  D   display_settings.c:212  debug_display_settings           [ 352.88831] color: 32 (rgba 8880), depth: 0, stencil: 0, acc: 0000, samples: 4/1
display  D   display_settings.c:398  _al_score_display_settings       [ 352.88856] Single Buffer requirement not met.
display  D   display_settings.c:212  debug_display_settings           [ 352.88877] color: 32 (rgba 8880), depth: 0, stencil: 0, acc: 0000, samples: 5/1
display  D   display_settings.c:398  _al_score_display_settings       [ 352.88892] Single Buffer requirement not met.
display  D   display_settings.c:212  debug_display_settings           [ 352.88919] color: 32 (rgba 8880), depth: 0, stencil: 0, acc: 0000, samples: 6/1
display  D   display_settings.c:398  _al_score_display_settings       [ 352.88937] Single Buffer requirement not met.
display  D   display_settings.c:212  debug_display_settings           [ 352.88955] color: 32 (rgba 8880), depth: 0, stencil: 0, acc: 0000, samples: 7/1
display  D   display_settings.c:398  _al_score_display_settings       [ 352.88977] Single Buffer requirement not met.
display  D   display_settings.c:212  debug_display_settings           [ 352.88992] color: 32 (rgba 8880), depth: 0, stencil: 0, acc: 0000, samples: 8/1
display  D   display_settings.c:398  _al_score_display_settings       [ 352.89011] Single Buffer requirement not met.
display  D   display_settings.c:212  debug_display_settings           [ 352.89028] color: 32 (rgba 8880), depth: 24, stencil: 8, acc: 0000, samples: 0/0
display  D   display_settings.c:398  _al_score_display_settings       [ 352.89043] Single Buffer requirement not met.
display  D   display_settings.c:212  debug_display_settings           [ 352.89060] color: 32 (rgba 8880), depth: 24, stencil: 8, acc: 0000, samples: 0/0
display  D   display_settings.c:398  _al_score_display_settings       [ 352.89078] Single Buffer requirement not met.
display  D   display_settings.c:212  debug_display_settings           [ 352.89094] color: 32 (rgba 8880), depth: 24, stencil: 8, acc: 0000, samples: 2/1
display  D   display_settings.c:398  _al_score_display_settings       [ 352.89108] Single Buffer requirement not met.
display  D   display_settings.c:212  debug_display_settings           [ 352.89126] color: 32 (rgba 8880), depth: 24, stencil: 8, acc: 0000, samples: 3/1
display  D   display_settings.c:398  _al_score_display_settings       [ 352.89140] Single Buffer requirement not met.
display  D   display_settings.c:212  debug_display_settings           [ 352.89152] color: 32 (rgba 8880), depth: 24, stencil: 8, acc: 0000, samples: 4/1
display  D   display_settings.c:398  _al_score_display_settings       [ 352.89166] Single Buffer requirement not met.
display  D   display_settings.c:212  debug_display_settings           [ 352.89184] color: 32 (rgba 8880), depth: 24, stencil: 8, acc: 0000, samples: 5/1
display  D   display_settings.c:398  _al_score_display_settings       [ 352.89204] Single Buffer requirement not met.
display  D   display_settings.c:212  debug_display_settings           [ 352.89221] color: 32 (rgba 8880), depth: 24, stencil: 8, acc: 0000, samples: 6/1
display  D   display_settings.c:398  _al_score_display_settings       [ 352.89238] Single Buffer requirement not met.
display  D   display_settings.c:212  debug_display_settings           [ 352.89255] color: 32 (rgba 8880), depth: 24, stencil: 8, acc: 0000, samples: 7/1
display  D   display_settings.c:398  _al_score_display_settings       [ 352.89283] Single Buffer requirement not met.
display  D   display_settings.c:212  debug_display_settings           [ 352.89299] color: 32 (rgba 8880), depth: 24, stencil: 8, acc: 0000, samples: 8/1
display  D   display_settings.c:398  _al_score_display_settings       [ 352.89319] Single Buffer requirement not met.
display  D   display_settings.c:212  debug_display_settings           [ 352.89334] color: 32 (rgba 8880), depth: 24, stencil: 0, acc: 0000, samples: 0/0
display  D   display_settings.c:398  _al_score_display_settings       [ 352.89351] Single Buffer requirement not met.
display  D   display_settings.c:212  debug_display_settings           [ 352.89366] color: 32 (rgba 8880), depth: 24, stencil: 0, acc: 0000, samples: 0/0
display  D   display_settings.c:398  _al_score_display_settings       [ 352.89383] Single Buffer requirement not met.
display  D   display_settings.c:212  debug_display_settings           [ 352.89400] color: 32 (rgba 8880), depth: 24, stencil: 0, acc: 0000, samples: 2/1
display  D   display_settings.c:398  _al_score_display_settings       [ 352.89417] Single Buffer requirement not met.
display  D   display_settings.c:212  debug_display_settings           [ 352.89432] color: 32 (rgba 8880), depth: 24, stencil: 0, acc: 0000, samples: 3/1
display  D   display_settings.c:398  _al_score_display_settings       [ 352.89446] Single Buffer requirement not met.
display  D   display_settings.c:212  debug_display_settings           [ 352.89462] color: 32 (rgba 8880), depth: 24, stencil: 0, acc: 0000, samples: 4/1
display  D   display_settings.c:398  _al_score_display_settings       [ 352.89477] Single Buffer requirement not met.
display  D   display_settings.c:212  debug_display_settings           [ 352.89493] color: 32 (rgba 8880), depth: 24, stencil: 0, acc: 0000, samples: 5/1
display  D   display_settings.c:398  _al_score_display_settings       [ 352.89508] Single Buffer requirement not met.
display  D   display_settings.c:212  debug_display_settings           [ 352.89524] color: 32 (rgba 8880), depth: 24, stencil: 0, acc: 0000, samples: 6/1
display  D   display_settings.c:398  _al_score_display_settings       [ 352.89539] Single Buffer requirement not met.
display  D   display_settings.c:212  debug_display_settings           [ 352.89554] color: 32 (rgba 8880), depth: 24, stencil: 0, acc: 0000, samples: 7/1
display  D   display_settings.c:398  _al_score_display_settings       [ 352.89572] Single Buffer requirement not met.
display  D   display_settings.c:212  debug_display_settings           [ 352.89585] color: 32 (rgba 8880), depth: 24, stencil: 0, acc: 0000, samples: 8/1
display  D   display_settings.c:398  _al_score_display_settings       [ 352.89599] Single Buffer requirement not met.
display  D   display_settings.c:212  debug_display_settings           [ 352.89615] color: 32 (rgba 8880), depth: 16, stencil: 0, acc: 0000, samples: 0/0
display  D   display_settings.c:398  _al_score_display_settings       [ 352.89633] Single Buffer requirement not met.
display  D   display_settings.c:212  debug_display_settings           [ 352.89648] color: 32 (rgba 8880), depth: 16, stencil: 0, acc: 0000, samples: 0/0
display  D   display_settings.c:398  _al_score_display_settings       [ 352.89663] Single Buffer requirement not met.
display  D   display_settings.c:212  debug_display_settings           [ 352.89679] color: 32 (rgba 8880), depth: 16, stencil: 0, acc: 0000, samples: 2/1
display  D   display_settings.c:398  _al_score_display_settings       [ 352.89699] Single Buffer requirement not met.
display  D   display_settings.c:212  debug_display_settings           [ 352.89717] color: 32 (rgba 8880), depth: 16, stencil: 0, acc: 0000, samples: 3/1
display  D   display_settings.c:398  _al_score_display_settings       [ 352.89732] Single Buffer requirement not met.
display  D   display_settings.c:212  debug_display_settings           [ 352.89744] color: 32 (rgba 8880), depth: 16, stencil: 0, acc: 0000, samples: 4/1
display  D   display_settings.c:398  _al_score_display_settings       [ 352.89759] Single Buffer requirement not met.
display  D   display_settings.c:212  debug_display_settings           [ 352.89952] color: 32 (rgba 8880), depth: 16, stencil: 0, acc: 0000, samples: 5/1
display  D   display_settings.c:398  _al_score_display_settings       [ 352.89989] Single Buffer requirement not met.
display  D   display_settings.c:212  debug_display_settings           [ 352.90013] color: 32 (rgba 8880), depth: 16, stencil: 0, acc: 0000, samples: 6/1
display  D   display_settings.c:398  _al_score_display_settings       [ 352.90030] Single Buffer requirement not met.
display  D   display_settings.c:212  debug_display_settings           [ 352.90044] color: 32 (rgba 8880), depth: 16, stencil: 0, acc: 0000, samples: 7/1
display  D   display_settings.c:398  _al_score_display_settings       [ 352.90060] Single Buffer requirement not met.
display  D   display_settings.c:212  debug_display_settings           [ 352.90076] color: 32 (rgba 8880), depth: 16, stencil: 0, acc: 0000, samples: 8/1
display  D   display_settings.c:398  _al_score_display_settings       [ 352.90094] Single Buffer requirement not met.
display  D   display_settings.c:212  debug_display_settings           [ 352.90108] color: 16 (rgba 5650), depth: 0, stencil: 0, acc: 0000, samples: 0/0
display  D   display_settings.c:398  _al_score_display_settings       [ 352.90133] Single Buffer requirement not met.
display  D   display_settings.c:212  debug_display_settings           [ 352.90150] color: 16 (rgba 5650), depth: 0, stencil: 0, acc: 0000, samples: 0/0
display  D   display_settings.c:398  _al_score_display_settings       [ 352.90166] Single Buffer requirement not met.
display  D   display_settings.c:212  debug_display_settings           [ 352.90178] color: 16 (rgba 5650), depth: 0, stencil: 0, acc: 0000, samples: 2/1
display  D   display_settings.c:398  _al_score_display_settings       [ 352.90191] Single Buffer requirement not met.
display  D   display_settings.c:212  debug_display_settings           [ 352.90208] color: 16 (rgba 5650), depth: 0, stencil: 0, acc: 0000, samples: 3/1
display  D   display_settings.c:398  _al_score_display_settings       [ 352.90243] Single Buffer requirement not met.
display  D   display_settings.c:212  debug_display_settings           [ 352.90262] color: 16 (rgba 5650), depth: 0, stencil: 0, acc: 0000, samples: 4/1
display  D   display_settings.c:398  _al_score_display_settings       [ 352.90275] Single Buffer requirement not met.
display  D   display_settings.c:212  debug_display_settings           [ 352.90291] color: 16 (rgba 5650), depth: 0, stencil: 0, acc: 0000, samples: 5/1
display  D   display_settings.c:398  _al_score_display_settings       [ 352.90316] Single Buffer requirement not met.
display  D   display_settings.c:212  debug_display_settings           [ 352.90329] color: 16 (rgba 5650), depth: 0, stencil: 0, acc: 0000, samples: 6/1
display  D   display_settings.c:398  _al_score_display_settings       [ 352.90346] Single Buffer requirement not met.
display  D   display_settings.c:212  debug_display_settings           [ 352.90364] color: 16 (rgba 5650), depth: 0, stencil: 0, acc: 0000, samples: 7/1
display  D   display_settings.c:398  _al_score_display_settings       [ 352.90397] Single Buffer requirement not met.
display  D   display_settings.c:212  debug_display_settings           [ 352.90426] color: 16 (rgba 5650), depth: 0, stencil: 0, acc: 0000, samples: 8/1
display  D   display_settings.c:398  _al_score_display_settings       [ 352.90454] Single Buffer requirement not met.
display  D   display_settings.c:212  debug_display_settings           [ 352.90471] color: 16 (rgba 5650), depth: 24, stencil: 8, acc: 0000, samples: 0/0
display  D   display_settings.c:398  _al_score_display_settings       [ 352.90486] Single Buffer requirement not met.
display  D   display_settings.c:212  debug_display_settings           [ 352.90503] color: 16 (rgba 5650), depth: 24, stencil: 8, acc: 0000, samples: 0/0
display  D   display_settings.c:398  _al_score_display_settings       [ 352.90516] Single Buffer requirement not met.
display  D   display_settings.c:212  debug_display_settings           [ 352.90529] color: 16 (rgba 5650), depth: 24, stencil: 8, acc: 0000, samples: 2/1
display  D   display_settings.c:398  _al_score_display_settings       [ 352.90543] Single Buffer requirement not met.
display  D   display_settings.c:212  debug_display_settings           [ 352.90561] color: 16 (rgba 5650), depth: 24, stencil: 8, acc: 0000, samples: 3/1
display  D   display_settings.c:398  _al_score_display_settings       [ 352.90587] Single Buffer requirement not met.
display  D   display_settings.c:212  debug_display_settings           [ 352.90604] color: 16 (rgba 5650), depth: 24, stencil: 8, acc: 0000, samples: 4/1
display  D   display_settings.c:398  _al_score_display_settings       [ 352.90619] Single Buffer requirement not met.
display  D   display_settings.c:212  debug_display_settings           [ 352.90636] color: 16 (rgba 5650), depth: 24, stencil: 8, acc: 0000, samples: 5/1
display  D   display_settings.c:398  _al_score_display_settings       [ 352.90656] Single Buffer requirement not met.
display  D   display_settings.c:212  debug_display_settings           [ 352.90672] color: 16 (rgba 5650), depth: 24, stencil: 8, acc: 0000, samples: 6/1
display  D   display_settings.c:398  _al_score_display_settings       [ 352.90687] Single Buffer requirement not met.
display  D   display_settings.c:212  debug_display_settings           [ 352.90704] color: 16 (rgba 5650), depth: 24, stencil: 8, acc: 0000, samples: 7/1
display  D   display_settings.c:398  _al_score_display_settings       [ 352.90723] Single Buffer requirement not met.
display  D   display_settings.c:212  debug_display_settings           [ 352.90739] color: 16 (rgba 5650), depth: 24, stencil: 8, acc: 0000, samples: 8/1
display  D   display_settings.c:398  _al_score_display_settings       [ 352.90755] Single Buffer requirement not met.
display  D   display_settings.c:212  debug_display_settings           [ 352.90770] color: 16 (rgba 5650), depth: 24, stencil: 0, acc: 0000, samples: 0/0
display  D   display_settings.c:398  _al_score_display_settings       [ 352.90785] Single Buffer requirement not met.
display  D   display_settings.c:212  debug_display_settings           [ 352.90802] color: 16 (rgba 5650), depth: 24, stencil: 0, acc: 0000, samples: 0/0
display  D   display_settings.c:398  _al_score_display_settings       [ 352.90841] Single Buffer requirement not met.
display  D   display_settings.c:212  debug_display_settings           [ 352.90857] color: 16 (rgba 5650), depth: 24, stencil: 0, acc: 0000, samples: 2/1
display  D   display_settings.c:398  _al_score_display_settings       [ 352.90887] Single Buffer requirement not met.
display  D   display_settings.c:212  debug_display_settings           [ 352.90912] color: 16 (rgba 5650), depth: 24, stencil: 0, acc: 0000, samples: 3/1
display  D   display_settings.c:398  _al_score_display_settings       [ 352.90965] Single Buffer requirement not met.
display  D   display_settings.c:212  debug_display_settings           [ 352.90985] color: 16 (rgba 5650), depth: 24, stencil: 0, acc: 0000, samples: 4/1
display  D   display_settings.c:398  _al_score_display_settings       [ 352.91001] Single Buffer requirement not met.
display  D   display_settings.c:212  debug_display_settings           [ 352.91015] color: 16 (rgba 5650), depth: 24, stencil: 0, acc: 0000, samples: 5/1
display  D   display_settings.c:398  _al_score_display_settings       [ 352.91031] Single Buffer requirement not met.
display  D   display_settings.c:212  debug_display_settings           [ 352.91047] color: 16 (rgba 5650), depth: 24, stencil: 0, acc: 0000, samples: 6/1
display  D   display_settings.c:398  _al_score_display_settings       [ 352.91064] Single Buffer requirement not met.
display  D   display_settings.c:212  debug_display_settings           [ 352.91081] color: 16 (rgba 5650), depth: 24, stencil: 0, acc: 0000, samples: 7/1
display  D   display_settings.c:398  _al_score_display_settings       [ 352.91096] Single Buffer requirement not met.
display  D   display_settings.c:212  debug_display_settings           [ 352.91111] color: 16 (rgba 5650), depth: 24, stencil: 0, acc: 0000, samples: 8/1
display  D   display_settings.c:398  _al_score_display_settings       [ 352.91127] Single Buffer requirement not met.
display  D   display_settings.c:212  debug_display_settings           [ 352.91141] color: 16 (rgba 5650), depth: 16, stencil: 0, acc: 0000, samples: 0/0
display  D   display_settings.c:398  _al_score_display_settings       [ 352.91158] Single Buffer requirement not met.
display  D   display_settings.c:212  debug_display_settings           [ 352.91173] color: 16 (rgba 5650), depth: 16, stencil: 0, acc: 0000, samples: 0/0
display  D   display_settings.c:398  _al_score_display_settings       [ 352.91189] Single Buffer requirement not met.
display  D   display_settings.c:212  debug_display_settings           [ 352.91208] color: 16 (rgba 5650), depth: 16, stencil: 0, acc: 0000, samples: 2/1
display  D   display_settings.c:398  _al_score_display_settings       [ 352.91223] Single Buffer requirement not met.
display  D   display_settings.c:212  debug_display_settings           [ 352.91237] color: 16 (rgba 5650), depth: 16, stencil: 0, acc: 0000, samples: 3/1
display  D   display_settings.c:398  _al_score_display_settings       [ 352.91254] Single Buffer requirement not met.
display  D   display_settings.c:212  debug_display_settings           [ 352.91267] color: 16 (rgba 5650), depth: 16, stencil: 0, acc: 0000, samples: 4/1
display  D   display_settings.c:398  _al_score_display_settings       [ 352.91285] Single Buffer requirement not met.
display  D   display_settings.c:212  debug_display_settings           [ 352.91299] color: 16 (rgba 5650), depth: 16, stencil: 0, acc: 0000, samples: 5/1
display  D   display_settings.c:398  _al_score_display_settings       [ 352.91317] Single Buffer requirement not met.
display  D   display_settings.c:212  debug_display_settings           [ 352.91333] color: 16 (rgba 5650), depth: 16, stencil: 0, acc: 0000, samples: 6/1
display  D   display_settings.c:398  _al_score_display_settings       [ 352.91350] Single Buffer requirement not met.
display  D   display_settings.c:212  debug_display_settings           [ 352.91365] color: 16 (rgba 5650), depth: 16, stencil: 0, acc: 0000, samples: 7/1
display  D   display_settings.c:398  _al_score_display_settings       [ 352.91381] Single Buffer requirement not met.
display  D   display_settings.c:212  debug_display_settings           [ 352.91395] color: 16 (rgba 5650), depth: 16, stencil: 0, acc: 0000, samples: 8/1
display  D   display_settings.c:398  _al_score_display_settings       [ 352.91410] Single Buffer requirement not met.
d3d      D         d3d_disp.cpp:1678 d3d_create_display_internals     [ 352.91856] Trying format 0.
d3d      I         d3d_disp.cpp:1354 d3d_display_thread_proc          [ 352.92063] Chose a display format: 23
d3d      I         d3d_disp.cpp:1423 d3d_display_thread_proc          [ 352.92091] Normal window.
d3d      I         d3d_disp.cpp:791  d3d_create_device                [ 361.01093] Using no depth stencil buffer
d3d      D         d3d_disp.cpp:849  d3d_create_device                [ 368.34602] BeginScene succeeded in create_device
d3d      D         d3d_disp.cpp:857  d3d_create_device                [ 368.34629] Success
d3d      D         d3d_disp.cpp:1701 d3d_create_display_internals     [ 368.34649] Resumed after wait.
d3d      I         d3d_disp.cpp:1734 d3d_create_display_internals     [ 368.34682] Format 0 succeeded.
d3d      D         d3d_disp.cpp:1765 d3d_create_display_internals     [ 368.36115] Returning d3d_display: 00E56770
d3d      D         d3d_disp.cpp:1790 d3d_create_display_locked        [ 368.36142] al_display=00E56770
d3d      D         d3d_disp.cpp:1791 d3d_create_display_locked        [ 368.36163] al_display->vt=00E20560
system   D            wsystem.c:799  maybe_parent_dir                 [ 368.38315] Also searching C:\Users\HENRIQUE\Desktop\Pi2\JogoPi2\
system   D            wsystem.c:854  _al_win_safe_load_library        [ 368.42905] PathFindOnPath found: C:\WINDOWS\system32\d3dx9_43.dll
system   D            wsystem.c:760  load_library_at_path             [ 368.42939] Calling LoadLibrary C:\WINDOWS\system32\d3dx9_43.dll
system   I            wsystem.c:763  load_library_at_path             [ 373.35578] Loaded C:\WINDOWS\system32\d3dx9_43.dll
d3dx9    I        d3d_d3dx9.cpp:88   _imp_load_d3dx9_module_version   [ 373.35635] Module "d3dx9_43.dll" loaded.
stdio    D         file_stdio.c:110  file_stdio_fopen                 [ 373.38025] opening menu.png rb
stdio    D         file_stdio.c:110  file_stdio_fopen                 [ 373.40119] opening menu.png rb
image    E                png.c:415  _al_load_png                     [ 373.41064] Unable to open menu.png for reading.
bitmap   E          bitmap_io.c:209  al_load_bitmap_flags             [ 373.41078] Failed loading bitmap menu.png with .png handler.
