c:\trabalho pi\em-busca-do-hardware-perdido\jogopi2\debug\jogopi2.exe
c:\trabalho pi\em-busca-do-hardware-perdido\jogopi2\debug\jogopi2.ilk
c:\trabalho pi\em-busca-do-hardware-perdido\jogopi2\debug\jogopi2.pdb
c:\trabalho pi\em-busca-do-hardware-perdido\jogopi2\debug\main.obj
c:\trabalho pi\em-busca-do-hardware-perdido\jogopi2\debug\vc142.idb
c:\trabalho pi\em-busca-do-hardware-perdido\jogopi2\debug\allegro-debug.pdb
c:\trabalho pi\em-busca-do-hardware-perdido\jogopi2\debug\allegro_acodec-debug.pdb
c:\trabalho pi\em-busca-do-hardware-perdido\jogopi2\debug\allegro_audio-debug.pdb
c:\trabalho pi\em-busca-do-hardware-perdido\jogopi2\debug\allegro_color-debug.pdb
c:\trabalho pi\em-busca-do-hardware-perdido\jogopi2\debug\allegro_dialog-debug.pdb
c:\trabalho pi\em-busca-do-hardware-perdido\jogopi2\debug\allegro_font-debug.pdb
c:\trabalho pi\em-busca-do-hardware-perdido\jogopi2\debug\allegro_image-debug.pdb
c:\trabalho pi\em-busca-do-hardware-perdido\jogopi2\debug\allegro_memfile-debug.pdb
c:\trabalho pi\em-busca-do-hardware-perdido\jogopi2\debug\allegro_physfs-debug.pdb
c:\trabalho pi\em-busca-do-hardware-perdido\jogopi2\debug\allegro_primitives-debug.pdb
c:\trabalho pi\em-busca-do-hardware-perdido\jogopi2\debug\allegro_ttf-debug.pdb
c:\trabalho pi\em-busca-do-hardware-perdido\jogopi2\debug\allegro_video-debug.pdb
c:\trabalho pi\em-busca-do-hardware-perdido\jogopi2\debug\vc142.pdb
c:\trabalho pi\em-busca-do-hardware-perdido\jogopi2\debug\jogopi2.tlog\cl.command.1.tlog
c:\trabalho pi\em-busca-do-hardware-perdido\jogopi2\debug\jogopi2.tlog\link.command.1.tlog
c:\trabalho pi\em-busca-do-hardware-perdido\jogopi2\debug\jogopi2.tlog\link.read.1.tlog
c:\trabalho pi\em-busca-do-hardware-perdido\jogopi2\debug\jogopi2.tlog\link.write.1.tlog
